<?xml version="1.0" encoding="UTF-8"?>
<testng-results skipped="1" failed="1" total="5" passed="3">
  <reporter-output>
  </reporter-output>
  <suite name="ListenerSuite" duration-ms="24010" started-at="2019-05-13T10:28:59Z" finished-at="2019-05-13T10:29:23Z">
    <groups>
    </groups>
    <test name="ListenerDemo" duration-ms="6852" started-at="2019-05-13T10:28:59Z" finished-at="2019-05-13T10:29:06Z">
      <class name="pom.testListenerScript">
        <test-method status="FAIL" signature="failTest()[pri:0, instance:pom.testListenerScript@7cf10a6f]" name="failTest" duration-ms="16" started-at="2019-05-13T15:59:06Z" finished-at="2019-05-13T15:59:06Z">
          <exception class="java.lang.AssertionError">
            <message>
              <![CDATA[expected [Salman] but found [SRK]]]>
            </message>
            <full-stacktrace>
              <![CDATA[java.lang.AssertionError: expected [Salman] but found [SRK]
	at org.testng.Assert.fail(Assert.java:94)
	at org.testng.Assert.failNotEquals(Assert.java:513)
	at org.testng.Assert.assertEqualsImpl(Assert.java:135)
	at org.testng.Assert.assertEquals(Assert.java:116)
	at org.testng.Assert.assertEquals(Assert.java:190)
	at org.testng.Assert.assertEquals(Assert.java:200)
	at pom.testListenerScript.failTest(testListenerScript.java:18)
	at sun.reflect.NativeMethodAccessorImpl.invoke0(Native Method)
	at sun.reflect.NativeMethodAccessorImpl.invoke(Unknown Source)
	at sun.reflect.DelegatingMethodAccessorImpl.invoke(Unknown Source)
	at java.lang.reflect.Method.invoke(Unknown Source)
	at org.testng.internal.MethodInvocationHelper.invokeMethod(MethodInvocationHelper.java:86)
	at org.testng.internal.Invoker.invokeMethod(Invoker.java:645)
	at org.testng.internal.Invoker.invokeTestMethod(Invoker.java:822)
	at org.testng.internal.Invoker.invokeTestMethods(Invoker.java:1130)
	at org.testng.internal.TestMethodWorker.invokeTestMethods(TestMethodWorker.java:129)
	at org.testng.internal.TestMethodWorker.run(TestMethodWorker.java:112)
	at org.testng.TestRunner.privateRun(TestRunner.java:782)
	at org.testng.TestRunner.run(TestRunner.java:632)
	at org.testng.SuiteRunner.runTest(SuiteRunner.java:366)
	at org.testng.SuiteRunner.runSequentially(SuiteRunner.java:361)
	at org.testng.SuiteRunner.privateRun(SuiteRunner.java:319)
	at org.testng.SuiteRunner.run(SuiteRunner.java:268)
	at org.testng.SuiteRunnerWorker.runSuite(SuiteRunnerWorker.java:52)
	at org.testng.SuiteRunnerWorker.run(SuiteRunnerWorker.java:86)
	at org.testng.TestNG.runSuitesSequentially(TestNG.java:1244)
	at org.testng.TestNG.runSuitesLocally(TestNG.java:1169)
	at org.testng.TestNG.run(TestNG.java:1064)
	at org.testng.remote.RemoteTestNG.run(RemoteTestNG.java:113)
	at org.testng.remote.RemoteTestNG.initAndRun(RemoteTestNG.java:206)
	at org.testng.remote.RemoteTestNG.main(RemoteTestNG.java:177)
]]>
            </full-stacktrace>
          </exception> <!-- java.lang.AssertionError -->
          <reporter-output>
          </reporter-output>
        </test-method> <!-- failTest -->
        <test-method status="PASS" signature="passTest()[pri:0, instance:pom.testListenerScript@7cf10a6f]" name="passTest" duration-ms="2" started-at="2019-05-13T15:59:06Z" finished-at="2019-05-13T15:59:06Z">
          <reporter-output>
          </reporter-output>
        </test-method> <!-- passTest -->
        <test-method status="PASS" signature="runTest()[pri:0, instance:pom.testListenerScript@7cf10a6f]" name="runTest" duration-ms="2" started-at="2019-05-13T15:59:06Z" depends-on-methods="pom.testListenerScript.passTest" finished-at="2019-05-13T15:59:06Z">
          <reporter-output>
          </reporter-output>
        </test-method> <!-- runTest -->
        <test-method status="SKIP" signature="skipTest()[pri:0, instance:pom.testListenerScript@7cf10a6f]" name="skipTest" duration-ms="0" started-at="2019-05-13T15:59:06Z" depends-on-methods="pom.testListenerScript.failTest" finished-at="2019-05-13T15:59:06Z">
          <exception class="java.lang.Throwable">
            <message>
              <![CDATA[Method testListenerScript.skipTest()[pri:0, instance:pom.testListenerScript@7cf10a6f] depends on not successfully finished methods]]>
            </message>
            <full-stacktrace>
              <![CDATA[java.lang.Throwable: Method testListenerScript.skipTest()[pri:0, instance:pom.testListenerScript@7cf10a6f] depends on not successfully finished methods
	at org.testng.internal.Invoker.invokeTestMethods(Invoker.java:1039)
	at org.testng.internal.TestMethodWorker.invokeTestMethods(TestMethodWorker.java:129)
	at org.testng.internal.TestMethodWorker.run(TestMethodWorker.java:112)
	at org.testng.TestRunner.privateRun(TestRunner.java:782)
	at org.testng.TestRunner.run(TestRunner.java:632)
	at org.testng.SuiteRunner.runTest(SuiteRunner.java:366)
	at org.testng.SuiteRunner.runSequentially(SuiteRunner.java:361)
	at org.testng.SuiteRunner.privateRun(SuiteRunner.java:319)
	at org.testng.SuiteRunner.run(SuiteRunner.java:268)
	at org.testng.SuiteRunnerWorker.runSuite(SuiteRunnerWorker.java:52)
	at org.testng.SuiteRunnerWorker.run(SuiteRunnerWorker.java:86)
	at org.testng.TestNG.runSuitesSequentially(TestNG.java:1244)
	at org.testng.TestNG.runSuitesLocally(TestNG.java:1169)
	at org.testng.TestNG.run(TestNG.java:1064)
	at org.testng.remote.RemoteTestNG.run(RemoteTestNG.java:113)
	at org.testng.remote.RemoteTestNG.initAndRun(RemoteTestNG.java:206)
	at org.testng.remote.RemoteTestNG.main(RemoteTestNG.java:177)
]]>
            </full-stacktrace>
          </exception> <!-- java.lang.Throwable -->
          <reporter-output>
          </reporter-output>
        </test-method> <!-- skipTest -->
      </class> <!-- pom.testListenerScript -->
    </test> <!-- ListenerDemo -->
    <test name="pomReports" duration-ms="16408" started-at="2019-05-13T10:29:07Z" finished-at="2019-05-13T10:29:23Z">
      <class name="pom.testLogin">
        <test-method status="PASS" signature="beforeMethod()[pri:0, instance:pom.testLogin@6a5fc7f7]" name="beforeMethod" is-config="true" duration-ms="1" started-at="2019-05-13T15:59:10Z" finished-at="2019-05-13T15:59:10Z">
          <reporter-output>
          </reporter-output>
        </test-method> <!-- beforeMethod -->
        <test-method status="PASS" signature="verifyLogin()[pri:0, instance:pom.testLogin@6a5fc7f7]" name="verifyLogin" duration-ms="13612" started-at="2019-05-13T15:59:10Z" finished-at="2019-05-13T15:59:23Z">
          <reporter-output>
          </reporter-output>
        </test-method> <!-- verifyLogin -->
      </class> <!-- pom.testLogin -->
    </test> <!-- pomReports -->
  </suite> <!-- ListenerSuite -->
</testng-results>
