<?xml version="1.0" encoding="UTF-8"?>
<!-- Generated by org.testng.reporters.JUnitXMLReporter -->
<testsuite hostname="M5-D-75HDNK2" name="ListenerDemo" tests="4" failures="1" timestamp="13 May 2019 10:29:06 GMT" time="6.852" errors="0">
  <testcase name="failTest" time="0.016" classname="pom.testListenerScript">
    <failure type="java.lang.AssertionError" message="expected [Salman] but found [SRK]">
      <![CDATA[java.lang.AssertionError: expected [Salman] but found [SRK]
	at pom.testListenerScript.failTest(testListenerScript.java:18)
... Removed 30 stack frames]]>
    </failure>
  </testcase> <!-- failTest -->
  <testcase name="passTest" time="0.002" classname="pom.testListenerScript"/>
  <testcase name="runTest" time="0.002" classname="pom.testListenerScript"/>
  <testcase name="skipTest" time="0.0" classname="pom.testListenerScript">
    <skipped/>
  </testcase> <!-- skipTest -->
</testsuite> <!-- ListenerDemo -->
